[2026-07-01 16:00:06 UTC] Starting World Cup 2026 notifier daemon.
[2026-07-01 16:00:06 UTC] Recipient: azzamsidhu2@gmail.com | lead=90m interval=15m trail=45m
[2026-07-01 16:00:08 UTC] Refreshed schedule: 25 matches.
[2026-07-01 16:10:18 UTC] Refreshed schedule: 25 matches.
[2026-07-01 16:10:20 UTC] sent alert: Round of 32 England vs DR Congo - World Cup 2026 - M80 (45 min to kickoff, cheapest $338.36 (listed EUR 297.00))
[2026-07-01 16:20:29 UTC] Refreshed schedule: 25 matches.
[2026-07-01 16:25:31 UTC] sent alert: Round of 32 England vs DR Congo - World Cup 2026 - M80 (30 min to kickoff, cheapest $306.06 (listed EUR 269.00))
[2026-07-01 16:30:46 UTC] Refreshed schedule: 25 matches.
[2026-07-01 16:40:59 UTC] Refreshed schedule: 25 matches.
[2026-07-01 16:41:00 UTC] sent alert: Round of 32 England vs DR Congo - World Cup 2026 - M80 (14 min to kickoff, cheapest $184.56 (listed EUR 162.00))
[2026-07-01 16:51:15 UTC] Refreshed schedule: 25 matches.
[2026-07-01 17:00:18 UTC] sent alert: Round of 32 England vs DR Congo - World Cup 2026 - M80 (-5 min to kickoff, cheapest $307.60 (listed EUR 270.00))
[2026-07-01 17:02:08 UTC] Refreshed schedule: 24 matches.
[2026-07-01 17:12:46 UTC] Refreshed schedule: 24 matches.
[2026-07-01 17:22:59 UTC] Refreshed schedule: 24 matches.
[2026-07-01 17:33:15 UTC] Refreshed schedule: 24 matches.
[2026-07-01 17:43:27 UTC] Refreshed schedule: 24 matches.
[2026-07-01 17:53:41 UTC] Refreshed schedule: 24 matches.
[2026-07-01 18:03:56 UTC] Refreshed schedule: 24 matches.
[2026-07-01 18:14:17 UTC] Refreshed schedule: 24 matches.
[2026-07-01 18:32:22 UTC] Refreshed schedule: 24 matches.
[2026-07-01 18:32:24 UTC] sent alert: Round of 32 Belgium vs Senegal - World Cup 2026 - M82 (88 min to kickoff, cheapest $539.00)
[2026-07-01 18:47:10 UTC] Refreshed schedule: 24 matches.
[2026-07-01 18:47:11 UTC] sent alert: Round of 32 Belgium vs Senegal - World Cup 2026 - M82 (73 min to kickoff, cheapest $539.00)
[2026-07-01 18:56:23 UTC] Refreshed schedule: 24 matches.
[2026-07-01 19:03:19 UTC] sent alert: Round of 32 Belgium vs Senegal - World Cup 2026 - M82 (57 min to kickoff, cheapest $404.00)
[2026-07-01 19:10:35 UTC] Refreshed schedule: 24 matches.
[2026-07-01 19:18:48 UTC] Refreshed schedule: 24 matches.
[2026-07-01 19:18:50 UTC] sent alert: Round of 32 Belgium vs Senegal - World Cup 2026 - M82 (41 min to kickoff, cheapest $377.00)
[2026-07-01 19:29:16 UTC] Refreshed schedule: 24 matches.
[2026-07-01 19:34:18 UTC] sent alert: Round of 32 Belgium vs Senegal - World Cup 2026 - M82 (26 min to kickoff, cheapest $554.00)
[2026-07-01 19:39:31 UTC] Refreshed schedule: 24 matches.
[2026-07-01 19:49:44 UTC] Refreshed schedule: 24 matches.
[2026-07-01 19:49:46 UTC] sent alert: Round of 32 Belgium vs Senegal - World Cup 2026 - M82 (10 min to kickoff, cheapest $499.18 (listed EUR 439.00))
[2026-07-01 19:59:53 UTC] Refreshed schedule: 24 matches.
[2026-07-01 20:04:56 UTC] sent alert: Round of 32 Belgium vs Senegal - World Cup 2026 - M82 (50 min to kickoff, cheapest $511.47 (listed EUR 450.00))
[2026-07-01 20:12:00 UTC] Refreshed schedule: 24 matches.
[2026-07-01 20:20:23 UTC] Refreshed schedule: 24 matches.
[2026-07-01 20:20:24 UTC] sent alert: Round of 32 Belgium vs Senegal - World Cup 2026 - M82 (35 min to kickoff, cheapest $511.47 (listed EUR 450.00))
[2026-07-01 20:30:33 UTC] Refreshed schedule: 24 matches.
[2026-07-01 20:35:36 UTC] sent alert: Round of 32 Belgium vs Senegal - World Cup 2026 - M82 (19 min to kickoff, cheapest $152.09 (listed EUR 134.00))
[2026-07-01 20:40:45 UTC] Refreshed schedule: 24 matches.
[2026-07-01 20:53:23 UTC] Refreshed schedule: 24 matches.
[2026-07-01 20:53:25 UTC] sent alert: Round of 32 Belgium vs Senegal - World Cup 2026 - M82 (2 min to kickoff, cheapest $152.09 (listed EUR 134.00))
[2026-07-01 21:04:36 UTC] Refreshed schedule: 24 matches.
[2026-07-01 21:08:48 UTC] sent alert: Round of 32 Belgium vs Senegal - World Cup 2026 - M82 (-14 min to kickoff, cheapest $152.09 (listed EUR 134.00))
[2026-07-01 21:14:51 UTC] Refreshed schedule: 24 matches.
[2026-07-01 21:23:54 UTC] sent alert: Round of 32 Belgium vs Senegal - World Cup 2026 - M82 (-29 min to kickoff, cheapest n/a)
[2026-07-01 21:25:11 UTC] Refreshed schedule: 24 matches.
[2026-07-01 22:22:52 UTC] Scrape failed (<urlopen error [Errno 8] nodename nor servname provided, or not known>); using cached data.
[2026-07-01 22:52:32 UTC] Refreshed schedule: 23 matches.
[2026-07-01 22:52:36 UTC] sent alert: Round of 32 USA vs Bosnia and Herzegovina - World Cup 2026 - M81 (67 min to kickoff, cheapest $1,613.00 (listed EUR 1,418.00))
[2026-07-01 23:14:04 UTC] Refreshed schedule: 23 matches.
[2026-07-01 23:14:07 UTC] sent alert: Round of 32 USA vs Bosnia and Herzegovina - World Cup 2026 - M81 (46 min to kickoff, cheapest $1,613.00 (listed EUR 1,418.00))
[2026-07-01 23:18:30 UTC] Refreshed schedule: 23 matches.
[2026-07-01 23:30:06 UTC] Refreshed schedule: 23 matches.
[2026-07-01 23:30:08 UTC] sent alert: Round of 32 USA vs Bosnia and Herzegovina - World Cup 2026 - M81 (30 min to kickoff, cheapest $2,304.29 (listed EUR 2,025.00))
[2026-07-01 23:52:12 UTC] Refreshed schedule: 23 matches.
[2026-07-01 23:52:14 UTC] sent alert: Round of 32 USA vs Bosnia and Herzegovina - World Cup 2026 - M81 (8 min to kickoff, cheapest $2,700.00)
[2026-07-02 00:03:07 UTC] Refreshed schedule: 23 matches.
[2026-07-02 00:07:13 UTC] sent alert: Round of 32 USA vs Bosnia and Herzegovina - World Cup 2026 - M81 (-7 min to kickoff, cheapest $2,700.00)
[2026-07-02 00:11:58 UTC] Refreshed schedule: 23 matches.
[2026-07-02 00:23:19 UTC] Refreshed schedule: 23 matches.
[2026-07-02 00:23:23 UTC] sent alert: Round of 32 USA vs Bosnia and Herzegovina - World Cup 2026 - M81 (-23 min to kickoff, cheapest n/a)
[2026-07-02 00:33:29 UTC] Refreshed schedule: 23 matches.
[2026-07-02 00:38:32 UTC] sent alert: Round of 32 USA vs Bosnia and Herzegovina - World Cup 2026 - M81 (-39 min to kickoff, cheapest n/a)
[2026-07-02 00:43:01 UTC] Refreshed schedule: 23 matches.
[2026-07-02 00:54:11 UTC] Refreshed schedule: 22 matches.
[2026-07-02 01:04:00 UTC] Refreshed schedule: 22 matches.
[2026-07-02 01:14:47 UTC] Refreshed schedule: 22 matches.
[2026-07-02 01:25:44 UTC] Refreshed schedule: 22 matches.
[2026-07-02 01:36:15 UTC] Refreshed schedule: 22 matches.
[2026-07-02 01:48:38 UTC] Refreshed schedule: 22 matches.
[2026-07-02 02:02:57 UTC] Scrape failed (The read operation timed out); using cached data.
[2026-07-02 02:28:12 UTC] Refreshed schedule: 22 matches.
[2026-07-02 02:34:37 UTC] Refreshed schedule: 22 matches.
[2026-07-02 03:10:32 UTC] Refreshed schedule: 22 matches.
[2026-07-02 03:24:55 UTC] Refreshed schedule: 22 matches.
[2026-07-02 03:50:43 UTC] Refreshed schedule: 22 matches.
[2026-07-02 04:16:27 UTC] Refreshed schedule: 22 matches.
[2026-07-02 04:28:20 UTC] Refreshed schedule: 22 matches.
[2026-07-02 05:02:48 UTC] Refreshed schedule: 22 matches.
[2026-07-02 05:04:36 UTC] Refreshed schedule: 22 matches.
[2026-07-02 05:44:28 UTC] Refreshed schedule: 22 matches.
[2026-07-02 06:04:29 UTC] Refreshed schedule: 22 matches.
[2026-07-02 06:40:23 UTC] Refreshed schedule: 22 matches.
[2026-07-02 07:09:45 UTC] Scrape failed (<urlopen error [Errno 8] nodename nor servname provided, or not known>); using cached data.
[2026-07-02 07:26:49 UTC] Refreshed schedule: 22 matches.
[2026-07-02 07:58:42 UTC] Refreshed schedule: 22 matches.
[2026-07-02 08:00:16 UTC] Refreshed schedule: 22 matches.
[2026-07-02 08:15:59 UTC] Refreshed schedule: 22 matches.
[2026-07-02 08:45:31 UTC] Refreshed schedule: 22 matches.
[2026-07-02 09:11:42 UTC] Refreshed schedule: 22 matches.
[2026-07-02 09:23:39 UTC] Refreshed schedule: 22 matches.
[2026-07-02 09:37:44 UTC] Refreshed schedule: 22 matches.
[2026-07-02 10:00:24 UTC] Scrape failed (The read operation timed out); using cached data.
[2026-07-02 10:17:34 UTC] Refreshed schedule: 22 matches.
[2026-07-02 10:19:33 UTC] Refreshed schedule: 22 matches.
[2026-07-02 10:37:25 UTC] Refreshed schedule: 22 matches.
[2026-07-02 11:07:21 UTC] Refreshed schedule: 22 matches.
[2026-07-02 11:31:13 UTC] Refreshed schedule: 22 matches.
[2026-07-02 11:57:54 UTC] Scrape failed ([Errno 54] Connection reset by peer); using cached data.
[2026-07-02 12:16:12 UTC] Refreshed schedule: 22 matches.
[2026-07-02 12:29:53 UTC] Refreshed schedule: 22 matches.
[2026-07-02 12:59:18 UTC] Refreshed schedule: 22 matches.
[2026-07-02 13:26:33 UTC] Refreshed schedule: 22 matches.
[2026-07-02 13:42:59 UTC] Refreshed schedule: 22 matches.
[2026-07-02 13:53:21 UTC] Refreshed schedule: 22 matches.
[2026-07-02 14:04:33 UTC] Scrape failed (<urlopen error [Errno 8] nodename nor servname provided, or not known>); using cached data.
[2026-07-02 15:44:23 UTC] Scrape failed (<urlopen error [Errno 8] nodename nor servname provided, or not known>); using cached data.
[2026-07-02 16:45:32 UTC] Scrape failed (<urlopen error [Errno 8] nodename nor servname provided, or not known>); using cached data.
[2026-07-02 17:02:27 UTC] Scrape failed (<urlopen error [Errno 8] nodename nor servname provided, or not known>); using cached data.
[2026-07-02 17:46:55 UTC] Scrape failed (<urlopen error [Errno 8] nodename nor servname provided, or not known>); using cached data.
[2026-07-02 17:46:55 UTC] ERROR sending for Round of 32 Spain vs Austria - World Cup 2026 - M84: <urlopen error [Errno 8] nodename nor servname provided, or not known>
[2026-07-02 18:47:53 UTC] Scrape failed (<urlopen error [Errno 8] nodename nor servname provided, or not known>); using cached data.
[2026-07-02 18:47:53 UTC] ERROR sending for Round of 32 Spain vs Austria - World Cup 2026 - M84: <urlopen error [Errno 8] nodename nor servname provided, or not known>
[2026-07-02 19:07:40 UTC] Refreshed schedule: 22 matches.
[2026-07-02 19:07:43 UTC] sent alert: Round of 32 Spain vs Austria - World Cup 2026 - M84 (37 min to kickoff, cheapest $1,541.94 (listed EUR 1,349.00))
[2026-07-02 19:17:58 UTC] Refreshed schedule: 22 matches.
[2026-07-02 19:23:02 UTC] sent alert: Round of 32 Spain vs Austria - World Cup 2026 - M84 (22 min to kickoff, cheapest $771.74 (listed EUR 675.00))
[2026-07-02 19:28:19 UTC] Refreshed schedule: 22 matches.
[2026-07-02 19:38:35 UTC] Refreshed schedule: 22 matches.
[2026-07-02 19:38:39 UTC] sent alert: Round of 32 Spain vs Austria - World Cup 2026 - M84 (6 min to kickoff, cheapest $901.04 (listed GBP 675.00))
[2026-07-02 19:48:53 UTC] Refreshed schedule: 22 matches.
[2026-07-02 19:53:57 UTC] sent alert: Round of 32 Spain vs Austria - World Cup 2026 - M84 (-9 min to kickoff, cheapest $810.00)
[2026-07-02 19:59:16 UTC] Refreshed schedule: 22 matches.
[2026-07-02 20:11:33 UTC] Refreshed schedule: 22 matches.
[2026-07-02 20:11:36 UTC] sent alert: Round of 32 Spain vs Austria - World Cup 2026 - M84 (-27 min to kickoff, cheapest n/a)
[2026-07-02 20:21:32 UTC] Refreshed schedule: 22 matches.
[2026-07-02 20:26:35 UTC] sent alert: Round of 32 Spain vs Austria - World Cup 2026 - M84 (-42 min to kickoff, cheapest n/a)
[2026-07-02 20:31:56 UTC] Refreshed schedule: 21 matches.
[2026-07-02 20:42:16 UTC] Refreshed schedule: 21 matches.
[2026-07-02 20:53:14 UTC] Refreshed schedule: 21 matches.
[2026-07-02 21:06:01 UTC] Refreshed schedule: 21 matches.
[2026-07-02 21:16:07 UTC] Refreshed schedule: 21 matches.
[2026-07-02 21:26:27 UTC] Refreshed schedule: 21 matches.
[2026-07-02 21:30:30 UTC] sent alert: Round of 32 Portugal vs Croatia - World Cup 2026 - M83 (90 min to kickoff, cheapest $1,312.17 (listed EUR 1,148.00))
[2026-07-02 21:36:48 UTC] Refreshed schedule: 21 matches.
[2026-07-02 21:45:03 UTC] sent alert: Round of 32 Portugal vs Croatia - World Cup 2026 - M83 (75 min to kickoff, cheapest $1,234.99 (listed EUR 1,080.00))
[2026-07-02 21:47:23 UTC] Refreshed schedule: 21 matches.
[2026-07-02 21:57:44 UTC] Refreshed schedule: 21 matches.
[2026-07-02 21:59:46 UTC] sent alert: Round of 32 Portugal vs Croatia - World Cup 2026 - M83 (60 min to kickoff, cheapest $1,234.99 (listed EUR 1,080.00))
[2026-07-02 22:08:04 UTC] Refreshed schedule: 21 matches.
[2026-07-02 22:15:07 UTC] sent alert: Round of 32 Portugal vs Croatia - World Cup 2026 - M83 (45 min to kickoff, cheapest $1,520.58 (listed EUR 1,330.00))
[2026-07-02 22:18:25 UTC] Refreshed schedule: 21 matches.
[2026-07-02 22:28:42 UTC] Refreshed schedule: 21 matches.
[2026-07-02 22:29:44 UTC] sent alert: Round of 32 Portugal vs Croatia - World Cup 2026 - M83 (30 min to kickoff, cheapest $1,914.23 (listed EUR 1,674.00))
[2026-07-03 00:32:45 UTC] Scrape failed (<urlopen error [Errno 8] nodename nor servname provided, or not known>); using cached data.
[2026-07-03 01:34:07 UTC] Scrape failed (<urlopen error [Errno 8] nodename nor servname provided, or not known>); using cached data.
[2026-07-03 01:34:07 UTC] ERROR sending for Round of 32 Switzerland vs Algeria - World Cup 2026 - M85: <urlopen error [Errno 8] nodename nor servname provided, or not known>
[2026-07-03 02:34:36 UTC] Scrape failed (<urlopen error [Errno 8] nodename nor servname provided, or not known>); using cached data.
[2026-07-03 02:34:36 UTC] ERROR sending for Round of 32 Switzerland vs Algeria - World Cup 2026 - M85: <urlopen error [Errno 8] nodename nor servname provided, or not known>
[2026-07-03 03:24:42 UTC] Scrape failed (<urlopen error [Errno 8] nodename nor servname provided, or not known>); using cached data.
[2026-07-03 03:24:42 UTC] ERROR sending for Round of 32 Switzerland vs Algeria - World Cup 2026 - M85: <urlopen error [Errno 8] nodename nor servname provided, or not known>
[2026-07-03 04:24:21 UTC] Scrape failed (<urlopen error [Errno 8] nodename nor servname provided, or not known>); using cached data.
[2026-07-03 04:41:31 UTC] Scrape failed (<urlopen error [Errno 8] nodename nor servname provided, or not known>); using cached data.
[2026-07-03 04:44:43 UTC] Scrape failed (<urlopen error [Errno 8] nodename nor servname provided, or not known>); using cached data.
[2026-07-03 04:56:16 UTC] Scrape failed (<urlopen error [Errno 8] nodename nor servname provided, or not known>); using cached data.
[2026-07-03 05:30:57 UTC] Scrape failed (<urlopen error [Errno 8] nodename nor servname provided, or not known>); using cached data.
[2026-07-03 07:01:37 UTC] Scrape failed (<urlopen error [Errno 8] nodename nor servname provided, or not known>); using cached data.
[2026-07-03 08:13:25 UTC] Scrape failed (<urlopen error [Errno 8] nodename nor servname provided, or not known>); using cached data.
[2026-07-03 09:24:27 UTC] Scrape failed (<urlopen error [Errno 8] nodename nor servname provided, or not known>); using cached data.
[2026-07-03 10:14:36 UTC] Scrape failed (<urlopen error [Errno 8] nodename nor servname provided, or not known>); using cached data.
[2026-07-03 13:08:13 UTC] Scrape failed (<urlopen error [Errno 8] nodename nor servname provided, or not known>); using cached data.
[2026-07-03 13:20:16 UTC] Scrape failed (<urlopen error [Errno 8] nodename nor servname provided, or not known>); using cached data.
[2026-07-03 13:57:27 UTC] Scrape failed (<urlopen error [Errno 8] nodename nor servname provided, or not known>); using cached data.
[2026-07-03 14:37:25 UTC] Scrape failed (<urlopen error [Errno 8] nodename nor servname provided, or not known>); using cached data.
[2026-07-03 15:21:32 UTC] Scrape failed (<urlopen error [Errno 8] nodename nor servname provided, or not known>); using cached data.
[2026-07-03 16:09:47 UTC] Scrape failed (<urlopen error [Errno 8] nodename nor servname provided, or not known>); using cached data.
[2026-07-03 17:12:40 UTC] Scrape failed (<urlopen error [Errno 8] nodename nor servname provided, or not known>); using cached data.
[2026-07-03 17:12:40 UTC] ERROR sending for Round of 32 Australia vs Egypt - World Cup 2026 - M88: <urlopen error [Errno 8] nodename nor servname provided, or not known>
[2026-07-03 17:23:33 UTC] Refreshed schedule: 19 matches.
[2026-07-03 17:23:37 UTC] sent alert: Round of 32 Australia vs Egypt - World Cup 2026 - M88 (36 min to kickoff, cheapest $450.68 (listed GBP 338.00))
[2026-07-03 17:50:49 UTC] Refreshed schedule: 19 matches.
[2026-07-03 17:50:52 UTC] sent alert: Round of 32 Australia vs Egypt - World Cup 2026 - M88 (9 min to kickoff, cheapest $405.64 (listed GBP 304.00))
[2026-07-03 17:52:12 UTC] Refreshed schedule: 19 matches.
[2026-07-03 18:09:48 UTC] Refreshed schedule: 19 matches.
[2026-07-03 18:09:51 UTC] sent alert: Round of 32 Australia vs Egypt - World Cup 2026 - M88 (-10 min to kickoff, cheapest $386.04 (listed EUR 338.00))
[2026-07-03 18:20:18 UTC] Refreshed schedule: 19 matches.
[2026-07-03 18:24:21 UTC] sent alert: Round of 32 Australia vs Egypt - World Cup 2026 - M88 (21 min to kickoff, cheapest $685.72 (listed EUR 599.00))
[2026-07-03 18:30:38 UTC] Refreshed schedule: 19 matches.
[2026-07-03 18:39:58 UTC] sent alert: Round of 32 Australia vs Egypt - World Cup 2026 - M88 (5 min to kickoff, cheapest n/a)
[2026-07-03 18:42:17 UTC] Refreshed schedule: 19 matches.
[2026-07-03 18:53:37 UTC] Refreshed schedule: 19 matches.
[2026-07-03 19:00:28 UTC] sent alert: Round of 32 Australia vs Egypt - World Cup 2026 - M88 (-15 min to kickoff, cheapest n/a)
[2026-07-03 19:03:46 UTC] Refreshed schedule: 19 matches.
[2026-07-03 19:14:09 UTC] Refreshed schedule: 19 matches.
[2026-07-03 19:15:11 UTC] sent alert: Round of 32 Australia vs Egypt - World Cup 2026 - M88 (-30 min to kickoff, cheapest n/a)
[2026-07-03 19:24:32 UTC] Refreshed schedule: 19 matches.
[2026-07-03 19:34:51 UTC] Refreshed schedule: 18 matches.
[2026-07-03 19:51:25 UTC] Refreshed schedule: 18 matches.
[2026-07-03 19:57:35 UTC] Refreshed schedule: 18 matches.
[2026-07-03 20:07:51 UTC] Refreshed schedule: 18 matches.
[2026-07-03 20:18:09 UTC] Refreshed schedule: 18 matches.
[2026-07-03 20:28:35 UTC] Refreshed schedule: 18 matches.
[2026-07-03 20:31:09 UTC] sent alert: Round of 32 Argentina vs Cape Verde - World Cup 2026 - M86 (89 min to kickoff, cheapest $1,799.02 (listed EUR 1,573.00))
[2026-07-03 20:38:46 UTC] Refreshed schedule: 18 matches.
[2026-07-03 20:45:49 UTC] sent alert: Round of 32 Argentina vs Cape Verde - World Cup 2026 - M86 (74 min to kickoff, cheapest $1,799.02 (listed EUR 1,573.00))
[2026-07-03 20:49:06 UTC] Refreshed schedule: 18 matches.
[2026-07-03 20:59:23 UTC] Refreshed schedule: 18 matches.
[2026-07-03 21:00:26 UTC] sent alert: Round of 32 Argentina vs Cape Verde - World Cup 2026 - M86 (60 min to kickoff, cheapest $2,273.00)
[2026-07-03 21:09:47 UTC] Refreshed schedule: 18 matches.
[2026-07-03 21:15:49 UTC] sent alert: Round of 32 Argentina vs Cape Verde - World Cup 2026 - M86 (44 min to kickoff, cheapest $2,160.00)
[2026-07-03 21:20:05 UTC] Refreshed schedule: 18 matches.
[2026-07-03 21:30:22 UTC] Refreshed schedule: 18 matches.
[2026-07-03 21:30:25 UTC] sent alert: Round of 32 Argentina vs Cape Verde - World Cup 2026 - M86 (30 min to kickoff, cheapest $2,084.71 (listed EUR 1,823.00))
[2026-07-03 21:40:52 UTC] Refreshed schedule: 18 matches.
[2026-07-03 21:44:56 UTC] sent alert: Round of 32 Argentina vs Cape Verde - World Cup 2026 - M86 (15 min to kickoff, cheapest $2,085.21 (listed EUR 1,823.00))
[2026-07-03 21:51:15 UTC] Refreshed schedule: 18 matches.
[2026-07-03 22:00:18 UTC] sent alert: Round of 32 Argentina vs Cape Verde - World Cup 2026 - M86 (-0 min to kickoff, cheapest $2,044.00)
[2026-07-03 22:01:32 UTC] Refreshed schedule: 18 matches.
[2026-07-03 22:11:48 UTC] Refreshed schedule: 18 matches.
[2026-07-03 22:14:52 UTC] sent alert: Round of 32 Argentina vs Cape Verde - World Cup 2026 - M86 (30 min to kickoff, cheapest $3,010.43 (listed EUR 2,631.00))
[2026-07-03 22:22:07 UTC] Refreshed schedule: 18 matches.
[2026-07-03 22:30:10 UTC] sent alert: Round of 32 Argentina vs Cape Verde - World Cup 2026 - M86 (15 min to kickoff, cheapest $2,469.82 (listed EUR 2,159.00))
[2026-07-03 22:32:24 UTC] Refreshed schedule: 18 matches.
[2026-07-03 22:42:39 UTC] Refreshed schedule: 18 matches.
[2026-07-03 22:44:43 UTC] sent alert: Round of 32 Argentina vs Cape Verde - World Cup 2026 - M86 (0 min to kickoff, cheapest $1,802.80 (listed GBP 1,350.00))
[2026-07-03 22:52:59 UTC] Refreshed schedule: 18 matches.
[2026-07-03 23:00:02 UTC] sent alert: Round of 32 Argentina vs Cape Verde - World Cup 2026 - M86 (-15 min to kickoff, cheapest $3,089.20 (listed EUR 2,700.00))
[2026-07-03 23:03:22 UTC] Refreshed schedule: 18 matches.
[2026-07-03 23:13:36 UTC] Refreshed schedule: 18 matches.
[2026-07-03 23:14:38 UTC] sent alert: Round of 32 Argentina vs Cape Verde - World Cup 2026 - M86 (-30 min to kickoff, cheapest $3,089.20 (listed EUR 2,700.00))
[2026-07-03 23:23:53 UTC] Refreshed schedule: 18 matches.
[2026-07-03 23:29:56 UTC] sent alert: Round of 32 Argentina vs Cape Verde - World Cup 2026 - M86 (-45 min to kickoff, cheapest n/a)
[2026-07-03 23:34:12 UTC] Refreshed schedule: 17 matches.
[2026-07-03 23:44:27 UTC] Refreshed schedule: 17 matches.
[2026-07-03 23:54:41 UTC] Refreshed schedule: 17 matches.
[2026-07-04 00:00:47 UTC] sent alert: Round of 32 Colombia vs Ghana - World Cup 2026 - M87 (89 min to kickoff, cheapest $440.21 (listed EUR 385.00))
[2026-07-04 00:05:01 UTC] Refreshed schedule: 17 matches.
[2026-07-04 00:15:24 UTC] Refreshed schedule: 17 matches.
[2026-07-04 00:15:28 UTC] sent alert: Round of 32 Colombia vs Ghana - World Cup 2026 - M87 (75 min to kickoff, cheapest $432.49 (listed EUR 378.00))
[2026-07-04 00:25:43 UTC] Refreshed schedule: 17 matches.
[2026-07-04 00:30:46 UTC] sent alert: Round of 32 Colombia vs Ghana - World Cup 2026 - M87 (59 min to kickoff, cheapest $386.15 (listed EUR 338.00))
[2026-07-04 00:36:00 UTC] Refreshed schedule: 17 matches.
[2026-07-04 00:46:27 UTC] Refreshed schedule: 17 matches.
[2026-07-04 00:46:34 UTC] sent alert: Round of 32 Colombia vs Ghana - World Cup 2026 - M87 (44 min to kickoff, cheapest $378.43 (listed EUR 331.00))
[2026-07-04 00:57:38 UTC] Refreshed schedule: 17 matches.
[2026-07-04 01:03:30 UTC] sent alert: Round of 32 Colombia vs Ghana - World Cup 2026 - M87 (27 min to kickoff, cheapest $324.37 (listed EUR 284.00))
[2026-07-04 01:10:14 UTC] Refreshed schedule: 17 matches.
[2026-07-04 01:27:53 UTC] Refreshed schedule: 17 matches.
[2026-07-04 01:27:56 UTC] sent alert: Round of 32 Colombia vs Ghana - World Cup 2026 - M87 (2 min to kickoff, cheapest $305.83 (listed EUR 267.00))
[2026-07-04 01:38:36 UTC] Scrape failed (<urlopen error [Errno 8] nodename nor servname provided, or not known>); using cached data.
[2026-07-04 02:28:38 UTC] Scrape failed (<urlopen error [Errno 8] nodename nor servname provided, or not known>); using cached data.
[2026-07-04 02:30:38 UTC] Scrape failed (<urlopen error [Errno 8] nodename nor servname provided, or not known>); using cached data.
[2026-07-04 02:32:31 UTC] Scrape failed (<urlopen error [Errno 8] nodename nor servname provided, or not known>); using cached data.
[2026-07-04 02:33:56 UTC] Scrape failed (<urlopen error [Errno 8] nodename nor servname provided, or not known>); using cached data.
[2026-07-04 02:38:11 UTC] Scrape failed (The read operation timed out); using cached data.
[2026-07-04 02:41:52 UTC] Scrape failed (<urlopen error [Errno 8] nodename nor servname provided, or not known>); using cached data.
[2026-07-04 02:47:32 UTC] Refreshed schedule: 16 matches.
[2026-07-04 02:56:44 UTC] Refreshed schedule: 16 matches.
[2026-07-04 03:06:57 UTC] Refreshed schedule: 16 matches.
[2026-07-04 03:17:10 UTC] Refreshed schedule: 16 matches.
[2026-07-04 03:30:49 UTC] Refreshed schedule: 16 matches.
[2026-07-04 03:46:36 UTC] Refreshed schedule: 16 matches.
[2026-07-04 04:03:53 UTC] Refreshed schedule: 16 matches.
[2026-07-04 04:16:24 UTC] Refreshed schedule: 16 matches.
[2026-07-04 04:29:10 UTC] Refreshed schedule: 16 matches.
[2026-07-04 04:56:54 UTC] Refreshed schedule: 16 matches.
[2026-07-04 05:22:45 UTC] Refreshed schedule: 16 matches.
[2026-07-04 06:10:58 UTC] Refreshed schedule: 16 matches.
[2026-07-04 06:33:32 UTC] Refreshed schedule: 16 matches.
[2026-07-04 07:26:35 UTC] Refreshed schedule: 16 matches.
[2026-07-04 08:12:43 UTC] Scrape failed (<urlopen error [Errno 8] nodename nor servname provided, or not known>); using cached data.
[2026-07-04 09:27:11 UTC] Scrape failed ([Errno 54] Connection reset by peer); using cached data.
[2026-07-04 10:17:22 UTC] Refreshed schedule: 16 matches.
[2026-07-04 10:53:41 UTC] Refreshed schedule: 16 matches.
[2026-07-04 12:12:41 UTC] Scrape failed ([Errno 54] Connection reset by peer); using cached data.
[2026-07-04 12:35:32 UTC] Refreshed schedule: 16 matches.
[2026-07-04 12:38:50 UTC] Refreshed schedule: 16 matches.
[2026-07-04 12:55:48 UTC] Refreshed schedule: 16 matches.
[2026-07-04 13:20:10 UTC] Refreshed schedule: 16 matches.
[2026-07-04 13:47:47 UTC] Refreshed schedule: 16 matches.
[2026-07-04 14:19:13 UTC] Refreshed schedule: 16 matches.
